#Login Shop2 - Worker ID: 2 - 06/09/2018 23:26:13
#Logout Shop2 - Worker ID: 2 - 06/09/2018 23:26:15
#Login Shop2 - Worker ID: 2 - 06/09/2018 23:34:10
#Logout Shop2 - Worker ID: 2 - 06/09/2018 23:34:13
#Login Shop2 - Worker ID: 2 - 06/09/2018 23:43:49
#Logout Shop2 - Worker ID: 2 - 06/09/2018 23:44:12
#Login Shop2 - Worker ID: 2 - 06/09/2018 23:45:45
#Logout Shop2 - Worker ID: 2 - 06/09/2018 23:46:16
#Login Shop2 - Worker ID: 2 - 06/09/2018 23:49:15
#Logout Shop2 - Worker ID: 2 - 06/09/2018 23:49:33
#Login Shop1 - Worker ID: 1 - 06/09/2018 23:50:00
#Logout Shop1 - Worker ID: 1 - 06/09/2018 23:50:06
#Login Shop2 - Worker ID: 2 - 08/09/2018 15:37:09
#Logout Shop2 - Worker ID: 2 - 08/09/2018 16:04:08
#Login Shop2 - Worker ID: 2 - 08/09/2018 16:04:26
#Logout Shop2 - Worker ID: 2 - 08/09/2018 16:08:25
#Login Shop2 - Worker ID: 2 - 08/09/2018 16:08:36
#Login Shop2 - Worker ID: 2 - 08/09/2018 16:13:06
#Logout Shop2 - Worker ID: 2 - 08/09/2018 16:13:38
#Login Shop2 - Worker ID: 2 - 08/09/2018 16:17:17
#Logout Shop2 - Worker ID: 2 - 08/09/2018 16:18:10
#Login Shop2 - Worker ID: 2 - 08/09/2018 16:20:52
#Logout Shop2 - Worker ID: 2 - 08/09/2018 16:22:11
#Login Shop2 - Worker ID: 2 - 08/09/2018 16:42:06
#Login Shop2 - Worker ID: 3 - 08/09/2018 16:42:20
#Logout Shop2 - Worker ID: 3 - 08/09/2018 16:43:12
#Logout Shop2 - Worker ID: 2 - 08/09/2018 16:43:13
#Login Shop2 - Worker ID: 2 - 08/09/2018 16:45:18
#Login Shop2 - Worker ID: 3 - 08/09/2018 16:45:23
#Logout Shop2 - Worker ID: 3 - 08/09/2018 16:45:48
#Logout Shop2 - Worker ID: 2 - 08/09/2018 16:45:50
#Login Shop2 - Worker ID: 2 - 08/09/2018 16:46:00
#Logout Shop2 - Worker ID: 2 - 08/09/2018 16:48:25
#Login Shop2 - Worker ID: 2 - 08/09/2018 16:48:33
#Login Shop2 - Worker ID: 3 - 08/09/2018 16:48:44
#Logout Shop2 - Worker ID: 3 - 08/09/2018 16:49:10
#Logout Shop2 - Worker ID: 2 - 08/09/2018 16:49:12
#Login Shop2 - Worker ID: 2 - 08/09/2018 17:03:22
#Logout Shop2 - Worker ID: 2 - 08/09/2018 17:05:11
#Login Shop2 - Worker ID: 2 - 08/09/2018 17:05:24
#Logout Shop2 - Worker ID: 2 - 08/09/2018 17:06:04
#Login Shop2 - Worker ID: 2 - 08/09/2018 17:06:14
#Login Shop2 - Worker ID: 3 - 08/09/2018 17:06:24
#Logout Shop2 - Worker ID: 3 - 08/09/2018 17:07:17
#Logout Shop2 - Worker ID: 2 - 08/09/2018 17:07:18
#Login Shop2 - Worker ID: 2 - 08/09/2018 17:09:18
#Login Shop2 - Worker ID: 3 - 08/09/2018 17:09:24
#Logout Shop2 - Worker ID: 3 - 08/09/2018 17:10:07
#Logout Shop2 - Worker ID: 2 - 08/09/2018 17:10:09
#Login Shop2 - Worker ID: 2 - 09/09/2018 14:41:53
#Login Shop2 - Worker ID: 3 - 09/09/2018 14:42:43
#Logout Shop2 - Worker ID: 2 - 09/09/2018 14:44:58
#Logout Shop2 - Worker ID: 3 - 09/09/2018 14:45:00
#Login Shop2 - Worker ID: 2 - 09/09/2018 14:45:09
#Login Shop2 - Worker ID: 3 - 09/09/2018 14:45:13
#Logout Shop2 - Worker ID: 3 - 09/09/2018 14:57:51
#Logout Shop2 - Worker ID: 2 - 09/09/2018 14:58:22
#Login Shop2 - Worker ID: 2 - 09/09/2018 15:02:45
#Login Shop2 - Worker ID: 3 - 09/09/2018 15:02:53
#Logout Shop2 - Worker ID: 3 - 09/09/2018 15:03:28
#Logout Shop2 - Worker ID: 2 - 09/09/2018 15:03:29
#Login Shop2 - Worker ID: 2 - 09/09/2018 15:03:34
#Logout Shop2 - Worker ID: 2 - 09/09/2018 15:03:36
#Login Shop2 - Worker ID: 2 - 09/09/2018 15:05:15
#Login Shop2 - Worker ID: 3 - 09/09/2018 15:05:25
#Logout Shop2 - Worker ID: 3 - 09/09/2018 15:05:59
#Logout Shop2 - Worker ID: 2 - 09/09/2018 15:06:01
#Login Shop2 - Worker ID: 2 - 09/09/2018 15:06:08
#Login Shop2 - Worker ID: 3 - 09/09/2018 15:06:13
#Logout Shop2 - Worker ID: 3 - 09/09/2018 15:08:19
#Logout Shop2 - Worker ID: 2 - 09/09/2018 15:08:20
#Login Shop2 - Worker ID: 2 - 09/09/2018 15:08:29
#Login Shop2 - Worker ID: 3 - 09/09/2018 15:08:34
#Logout Shop2 - Worker ID: 3 - 09/09/2018 15:09:37
#Logout Shop2 - Worker ID: 2 - 09/09/2018 15:09:39
#Login Shop2 - Worker ID: 2 - 09/09/2018 15:09:44
#Logout Shop2 - Worker ID: 2 - 09/09/2018 15:10:20
#Login Shop2 - Worker ID: 2 - 09/09/2018 15:10:25
#Logout Shop2 - Worker ID: 2 - 09/09/2018 15:10:51
#Login Shop2 - Worker ID: 2 - 09/09/2018 15:10:56
#Login Login Failed! - Worker ID: 2 - 09/09/2018 15:11:08
#Login Shop2 - Worker ID: 3 - 09/09/2018 15:11:11
#Logout Shop2 - Worker ID: 2 - 09/09/2018 15:12:39
#Logout Shop2 - Worker ID: 3 - 09/09/2018 15:12:41
#Login Shop2 - Worker ID: 2 - 09/09/2018 15:12:48
#Logout Shop2 - Worker ID: 2 - 09/09/2018 15:12:55
#Login Shop2 - Worker ID: 2 - 09/09/2018 15:13:29
#Login Shop2 - Worker ID: 3 - 09/09/2018 15:13:36
#Logout Shop2 - Worker ID: 3 - 09/09/2018 15:13:43
#Logout Shop2 - Worker ID: 2 - 09/09/2018 15:13:46
#Login Shop2 - Worker ID: 2 - 09/09/2018 15:13:58
#Login Shop2 - Worker ID: 3 - 09/09/2018 15:14:02
#Logout Shop2 - Worker ID: 3 - 09/09/2018 15:14:10
#Logout Shop2 - Worker ID: 2 - 09/09/2018 15:14:10
#Login Shop2 - Worker ID: 2 - 09/09/2018 15:14:51
#Login Shop2 - Worker ID: 3 - 09/09/2018 15:14:54
#Logout Shop2 - Worker ID: 2 - 09/09/2018 15:16:12
#Logout Shop2 - Worker ID: 3 - 09/09/2018 15:16:14
#Login Shop2 - Worker ID: 2 - 09/09/2018 15:16:22
#Login Shop2 - Worker ID: 3 - 09/09/2018 15:16:29
#Logout Shop2 - Worker ID: 3 - 09/09/2018 15:16:57
#Login Login Failed! - Worker ID: 2 - 09/09/2018 15:27:27
#Login Login Failed! - Worker ID: 2 - 09/09/2018 15:27:32
#Login Shop2 - Worker ID: 3 - 09/09/2018 15:27:35
#Login Shop2 - Worker ID: 4 - 09/09/2018 15:28:03
#Logout Shop2 - Worker ID: 4 - 09/09/2018 15:29:32
#Logout Shop2 - Worker ID: 3 - 09/09/2018 15:29:33
#Login Shop2 - Worker ID: 3 - 09/09/2018 15:29:40
#Login Shop2 - Worker ID: 4 - 09/09/2018 15:29:50
#Logout Shop2 - Worker ID: 4 - 09/09/2018 15:31:17
#Logout Shop2 - Worker ID: 3 - 09/09/2018 15:31:19
#Login Shop2 - Worker ID: 2 - 09/09/2018 15:44:15
#Logout Shop2 - Worker ID: 2 - 09/09/2018 15:46:48
#Login Shop2 - Worker ID: 2 - 09/09/2018 15:47:48
#Logout Shop2 - Worker ID: 2 - 09/09/2018 16:07:43
#Login Shop2 - Worker ID: 2 - 09/09/2018 16:07:56
#Login Shop2 - Worker ID: 3 - 09/09/2018 16:08:02
#Logout Shop2 - Worker ID: 3 - 09/09/2018 16:08:10
#Logout Shop2 - Worker ID: 2 - 09/09/2018 16:08:53
#Login Shop2 - Worker ID: 2 - 09/09/2018 16:09:43
#Logout Shop2 - Worker ID: 2 - 09/09/2018 16:10:56
#Login Shop2 - Worker ID: 2 - 09/09/2018 16:11:38
#Logout Shop2 - Worker ID: 2 - 09/09/2018 16:11:45
#Login Shop2 - Worker ID: 2 - 09/09/2018 16:11:50
#Logout Shop2 - Worker ID: 2 - 09/09/2018 16:12:03
#Login Shop2 - Worker ID: 2 - 09/09/2018 16:12:35
#Logout Shop2 - Worker ID: 2 - 09/09/2018 16:14:13
#Login Shop2 - Worker ID: 2 - 09/09/2018 16:14:21
#Logout Shop2 - Worker ID: 2 - 09/09/2018 16:14:30
#Login Shop2 - Worker ID: 2 - 09/09/2018 16:14:48
#Logout Shop2 - Worker ID: 2 - 09/09/2018 16:15:17
#Login Shop2 - Worker ID: 2 - 09/09/2018 16:16:26
#Logout Shop2 - Worker ID: 2 - 09/09/2018 16:17:21
#Login Shop2 - Worker ID: 2 - 09/09/2018 16:18:31
#Logout Shop2 - Worker ID: 2 - 09/09/2018 16:21:41
#Login Shop2 - Worker ID: 2 - 09/09/2018 16:21:53
#Logout Shop2 - Worker ID: 2 - 09/09/2018 16:21:55
#Login Shop2 - Worker ID: 2 - 09/09/2018 16:22:24
#Logout Shop2 - Worker ID: 2 - 09/09/2018 16:23:07
#Login Shop2 - Worker ID: 2 - 09/09/2018 16:23:18
#Logout Shop2 - Worker ID: 2 - 09/09/2018 16:23:22
#Login Shop2 - Worker ID: 2 - 09/09/2018 16:24:00
#Login Shop2 - Worker ID: 3 - 09/09/2018 16:24:03
#Logout Shop2 - Worker ID: 2 - 09/09/2018 16:24:32
#Logout Shop2 - Worker ID: 3 - 09/09/2018 16:24:33
#Login Shop2 - Worker ID: 2 - 09/09/2018 16:25:48
#Logout Shop2 - Worker ID: 2 - 09/09/2018 16:28:08
#Login Shop2 - Worker ID: 2 - 09/09/2018 16:28:13
#Logout Shop2 - Worker ID: 2 - 09/09/2018 16:29:18
#Login Shop2 - Worker ID: 2 - 09/09/2018 16:29:24
#Logout Shop2 - Worker ID: 2 - 09/09/2018 16:31:44
#Login Shop2 - Worker ID: 2 - 09/09/2018 16:31:52
#Logout Shop2 - Worker ID: 2 - 09/09/2018 16:32:40
#Login Shop2 - Worker ID: 2 - 09/09/2018 16:32:46
#Logout Shop2 - Worker ID: 2 - 09/09/2018 16:34:29
#Login Shop2 - Worker ID: 2 - 09/09/2018 16:34:37
#Logout Shop2 - Worker ID: 2 - 09/09/2018 16:34:56
#Login Shop2 - Worker ID: 2 - 09/09/2018 16:35:13
#Logout Shop2 - Worker ID: 2 - 09/09/2018 16:37:21
#Login Shop2 - Worker ID: 2 - 09/09/2018 16:37:45
#Logout Shop2 - Worker ID: 2 - 09/09/2018 16:40:02
#Login Shop2 - Worker ID: 2 - 09/09/2018 16:40:07
#Logout Shop2 - Worker ID: 2 - 09/09/2018 16:40:27
#Login Shop2 - Worker ID: 2 - 09/09/2018 16:40:36
#Logout Shop2 - Worker ID: 2 - 09/09/2018 16:40:46
#Login Shop2 - Worker ID: 2 - 10/09/2018 09:43:00
#Login Shop2 - Worker ID: 3 - 10/09/2018 09:51:58
#Logout Shop2 - Worker ID: 3 - 10/09/2018 09:53:11
#Login Shop2 - Worker ID: 3 - 10/09/2018 09:53:17
#Logout Shop2 - Worker ID: 3 - 10/09/2018 09:53:23
#Login Shop2 - Worker ID: 2 - 10/09/2018 10:00:07
#Logout Shop2 - Worker ID: 2 - 10/09/2018 10:00:12
#Login Shop2 - Worker ID: 3 - 10/09/2018 10:00:29
#Logout Shop2 - Worker ID: 3 - 10/09/2018 10:00:40
#Login Shop2 - Worker ID: 3 - 10/09/2018 10:04:48
#Logout Shop2 - Worker ID: 3 - 10/09/2018 10:13:28
#Login Shop2 - Worker ID: 3 - 10/09/2018 10:13:37
#Logout Shop2 - Worker ID: 3 - 10/09/2018 10:14:41
#Login Shop2 - Worker ID: 3 - 10/09/2018 10:14:50
#Logout Shop2 - Worker ID: 3 - 10/09/2018 10:15:43
#Login Shop2 - Worker ID: 3 - 10/09/2018 10:15:48
#Logout Shop2 - Worker ID: 3 - 10/09/2018 10:18:07
#Login Shop2 - Worker ID: 3 - 10/09/2018 10:18:13
#Logout Shop2 - Worker ID: 3 - 10/09/2018 10:19:41
#Login Shop2 - Worker ID: 3 - 10/09/2018 10:19:47
#Logout Shop2 - Worker ID: 3 - 10/09/2018 10:20:08
#Login Shop2 - Worker ID: 3 - 10/09/2018 10:20:17
#Logout Shop2 - Worker ID: 3 - 10/09/2018 10:20:25
#Login Shop2 - Worker ID: 3 - 10/09/2018 10:25:35
#Logout Shop2 - Worker ID: 3 - 10/09/2018 10:26:34
#Login Shop2 - Worker ID: 3 - 10/09/2018 10:26:41
#Logout Shop2 - Worker ID: 3 - 10/09/2018 10:27:11
#Login Shop2 - Worker ID: 2 - 10/09/2018 10:38:37
#Logout Shop2 - Worker ID: 2 - 10/09/2018 10:39:02
#Login Shop2 - Worker ID: 2 - 10/09/2018 10:40:19
#Logout Shop2 - Worker ID: 2 - 10/09/2018 10:40:21
#Login Shop2 - Worker ID: 3 - 10/09/2018 10:40:30
#Logout Shop2 - Worker ID: 3 - 10/09/2018 10:41:15
#Login Shop2 - Worker ID: 3 - 10/09/2018 10:41:56
#Logout Shop2 - Worker ID: 3 - 10/09/2018 10:42:39
#Login Shop2 - Worker ID: 3 - 10/09/2018 10:42:44
#Logout Shop2 - Worker ID: 3 - 10/09/2018 10:42:48
#Login Shop2 - Worker ID: 3 - 10/09/2018 10:43:17
#Logout Shop2 - Worker ID: 3 - 10/09/2018 10:43:22
#Login Shop2 - Worker ID: 3 - 10/09/2018 10:44:47
#Logout Shop2 - Worker ID: 3 - 10/09/2018 10:44:50
#Login Shop2 - Worker ID: 3 - 10/09/2018 10:45:39
#Logout Shop2 - Worker ID: 3 - 10/09/2018 10:50:21
#Login Shop2 - Worker ID: 3 - 10/09/2018 10:50:27
#Logout Shop2 - Worker ID: 3 - 10/09/2018 10:50:37
#Login Shop2 - Worker ID: 3 - 10/09/2018 10:50:42
#Logout Shop2 - Worker ID: 3 - 10/09/2018 10:50:45
#Login Shop2 - Worker ID: 2 - 10/09/2018 10:55:00
#Login Shop2 - Worker ID: 3 - 10/09/2018 10:55:07
#Logout Shop2 - Worker ID: 2 - 10/09/2018 10:55:32
#Logout Shop2 - Worker ID: 3 - 10/09/2018 10:55:32
#Login Shop2 - Worker ID: 2 - 10/09/2018 10:55:41
#Login Login Failed! - Worker ID: 1 - 10/09/2018 10:55:49
#Login Shop1 - Worker ID: 1 - 10/09/2018 10:56:03
#Logout Shop1 - Worker ID: 1 - 10/09/2018 10:56:22
#Logout Shop2 - Worker ID: 2 - 10/09/2018 10:56:23
#Login Shop2 - Worker ID: 2 - 10/09/2018 11:13:07
#Logout Shop2 - Worker ID: 2 - 10/09/2018 11:14:39
#Login Shop2 - Worker ID: 2 - 10/09/2018 11:16:30
#Logout Shop2 - Worker ID: 2 - 10/09/2018 11:17:17
#Login Shop2 - Worker ID: 2 - 10/09/2018 11:17:37
#Logout Shop2 - Worker ID: 2 - 10/09/2018 11:18:58
#Login Shop2 - Worker ID: 2 - 10/09/2018 12:07:16
#Logout Shop2 - Worker ID: 2 - 10/09/2018 12:08:49
#Login Shop2 - Worker ID: 2 - 10/09/2018 12:09:00
#Logout Shop2 - Worker ID: 2 - 10/09/2018 12:10:02
#Login Shop2 - Worker ID: 2 - 10/09/2018 15:25:13
#Logout Shop2 - Worker ID: 2 - 10/09/2018 15:28:33
#Login Shop2 - Worker ID: 2 - 10/09/2018 15:28:39
#Logout Shop2 - Worker ID: 2 - 10/09/2018 15:28:50
#Login Shop2 - Worker ID: 2 - 10/09/2018 15:29:26
#Logout Shop2 - Worker ID: 2 - 10/09/2018 15:29:44
#Login Shop2 - Worker ID: 2 - 10/09/2018 15:33:55
#Logout Shop2 - Worker ID: 2 - 10/09/2018 15:34:13
#Login Shop2 - Worker ID: 2 - 10/09/2018 15:34:19
#Logout Shop2 - Worker ID: 2 - 10/09/2018 15:35:05
#Login Shop2 - Worker ID: 2 - 10/09/2018 15:35:12
#Logout Shop2 - Worker ID: 2 - 10/09/2018 15:35:26
#Login Shop2 - Worker ID: 2 - 10/09/2018 15:36:26
#Logout Shop2 - Worker ID: 2 - 10/09/2018 15:36:50
#Login Shop2 - Worker ID: 2 - 10/09/2018 15:39:08
#Logout Shop2 - Worker ID: 2 - 10/09/2018 15:39:30
#Login Shop2 - Worker ID: 2 - 10/09/2018 15:46:26
#Logout Shop2 - Worker ID: 2 - 10/09/2018 15:47:26
#Login Shop2 - Worker ID: 2 - 10/09/2018 15:47:31
#Logout Shop2 - Worker ID: 2 - 10/09/2018 15:48:48
#Login Shop2 - Worker ID: 2 - 10/09/2018 15:48:54
#Logout Shop2 - Worker ID: 2 - 10/09/2018 15:49:13
#Login Shop2 - Worker ID: 2 - 10/09/2018 15:49:18
#Logout Shop2 - Worker ID: 2 - 10/09/2018 15:49:57
#Login Shop2 - Worker ID: 2 - 10/09/2018 15:50:02
#Logout Shop2 - Worker ID: 2 - 10/09/2018 15:50:07
#Login Shop2 - Worker ID: 2 - 10/09/2018 15:50:27
#Logout Shop2 - Worker ID: 2 - 10/09/2018 15:50:38
#Login Shop2 - Worker ID: 2 - 10/09/2018 15:51:08
#Logout Shop2 - Worker ID: 2 - 10/09/2018 15:52:06
#Login Shop2 - Worker ID: 2 - 10/09/2018 15:52:13
#Logout Shop2 - Worker ID: 2 - 10/09/2018 15:52:52
#Login Shop2 - Worker ID: 2 - 10/09/2018 15:52:58
#Logout Shop2 - Worker ID: 2 - 10/09/2018 15:54:58
#Login Shop2 - Worker ID: 2 - 10/09/2018 15:55:09
#Logout Shop2 - Worker ID: 2 - 10/09/2018 15:55:43
#Login Shop2 - Worker ID: 2 - 10/09/2018 15:55:49
#Logout Shop2 - Worker ID: 2 - 10/09/2018 15:57:13
#Login Shop2 - Worker ID: 2 - 10/09/2018 15:57:19
#Logout Shop2 - Worker ID: 2 - 10/09/2018 15:57:44
#Login Shop2 - Worker ID: 2 - 10/09/2018 16:03:26
#Logout Shop2 - Worker ID: 2 - 10/09/2018 16:03:59
#Login Shop2 - Worker ID: 2 - 10/09/2018 16:37:26
#Logout Shop2 - Worker ID: 2 - 10/09/2018 16:37:36
#Login Shop2 - Worker ID: 2 - 10/09/2018 16:50:59
#Login Shop2 - Worker ID: 3 - 10/09/2018 16:51:08
#Logout Shop2 - Worker ID: 2 - 10/09/2018 16:51:41
#Logout Shop2 - Worker ID: 3 - 10/09/2018 16:51:43
#Login Shop2 - Worker ID: 2 - 10-09-2018 20:51:13
#Logout Shop2 - Worker ID: 2 - 10-09-2018 20:52:39
#Login Shop2 - Worker ID: 2 - 10-09-2018 20:53:32
#Logout Shop2 - Worker ID: 2 - 10-09-2018 20:54:11
#Login Shop2 - Worker ID: 2 - 10-09-2018 20:54:28
#Logout Shop2 - Worker ID: 2 - 10-09-2018 20:57:02
#Login Shop2 - Worker ID: 2 - 10-09-2018 20:57:09
#Logout Shop2 - Worker ID: 2 - 10-09-2018 20:58:55
#Login Shop2 - Worker ID: 2 - 10-09-2018 20:59:04
#Logout Shop2 - Worker ID: 2 - 10-09-2018 20:59:30
#Login Shop2 - Worker ID: 2 - 10-09-2018 20:59:38
#Login Shop2 - Worker ID: 3 - 10-09-2018 21:00:19
#Login Shop2 - Worker ID: 4 - 10-09-2018 21:01:49
#Logout Shop2 - Worker ID: 4 - 10-09-2018 21:02:14
#Logout Shop2 - Worker ID: 3 - 10-09-2018 21:02:16
#Logout Shop2 - Worker ID: 2 - 10-09-2018 21:02:20
#Login Shop2 - Worker ID: 2 - 11-09-2018 00:23:20
#Logout Shop2 - Worker ID: 2 - 11-09-2018 00:25:16
#Login Shop2 - Worker ID: 2 - 11-09-2018 00:25:21
#Logout Shop2 - Worker ID: 2 - 11-09-2018 00:26:24
#Login Shop2 - Worker ID: 2 - 11-09-2018 00:26:29
#Logout Shop2 - Worker ID: 2 - 11-09-2018 00:26:51
#Login Shop2 - Worker ID: 2 - 11-09-2018 00:47:37
#Logout Shop2 - Worker ID: 2 - 11-09-2018 00:55:24
#Login Shop2 - Worker ID: 2 - 11-09-2018 00:55:29
#Login Login Failed! - Worker ID: 2 - 11-09-2018 00:59:00
#Login Shop2 - Worker ID: 3 - 11-09-2018 00:59:03
#Logout Shop2 - Worker ID: 3 - 11-09-2018 01:01:47
#Logout Shop2 - Worker ID: 2 - 11-09-2018 01:01:49
#Login Shop2 - Worker ID: 2 - 11-09-2018 01:01:54
#Logout Shop2 - Worker ID: 2 - 11-09-2018 01:05:06
#Login Shop2 - Worker ID: 2 - 11-09-2018 01:05:11
#Logout Shop2 - Worker ID: 2 - 11-09-2018 01:05:39
#Login Shop2 - Worker ID: 2 - 11-09-2018 01:05:43
#Logout Shop2 - Worker ID: 2 - 11-09-2018 01:07:12
#Login Shop2 - Worker ID: 2 - 11-09-2018 01:36:36
#Logout Shop2 - Worker ID: 2 - 11-09-2018 01:37:11
#Login Shop2 - Worker ID: 2 - 11-09-2018 01:37:15
#Logout Shop2 - Worker ID: 2 - 11-09-2018 01:38:08
#Login Shop2 - Worker ID: 2 - 11-09-2018 01:38:16
#Logout Shop2 - Worker ID: 2 - 11-09-2018 01:39:42
#Login Shop2 - Worker ID: 2 - 11-09-2018 01:39:50
#Logout Shop2 - Worker ID: 2 - 11-09-2018 01:40:51
#Login Shop2 - Worker ID: 2 - 11-09-2018 01:40:56
#Logout Shop2 - Worker ID: 2 - 11-09-2018 01:41:54
